# JRE version: OpenJDK Runtime Environment (8.0_242-b01) (build 1.8.0_242-release-1644-b01)
# Java VM: OpenJDK 64-Bit Server VM (25.242-b01 mixed mode windows-amd64 compressed oops)
Heap:
 PSYoungGen      total 369152K, used 191371K [0x00000000e0000000, 0x00000000f9900000, 0x0000000100000000)
  eden space 324096K, 51% used [0x00000000e0000000,0x00000000ea181b98,0x00000000f3c80000)
  from space 45056K, 57% used [0x00000000f6880000,0x00000000f81e13f8,0x00000000f9480000)
  to   space 45056K, 0% used [0x00000000f3c80000,0x00000000f3c80000,0x00000000f6880000)
 ParOldGen       total 392192K, used 132793K [0x00000000a0000000, 0x00000000b7f00000, 0x00000000e0000000)
  object space 392192K, 33% used [0x00000000a0000000,0x00000000a81ae6f8,0x00000000b7f00000)
 Metaspace       used 110471K, capacity 117958K, committed 118272K, reserved 1150976K
  class space    used 14625K, capacity 16050K, committed 16128K, reserved 1048576K
GC Heap History (10 events):
Event: 133.748 GC heap before
{Heap before GC invocations=16 (full 3):
 PSYoungGen      total 260096K, used 260092K [0x00000000e0000000, 0x00000000f3300000, 0x0000000100000000)
  eden space 237568K, 100% used [0x00000000e0000000,0x00000000ee800000,0x00000000ee800000)
  from space 22528K, 99% used [0x00000000f0880000,0x00000000f1e7f0c0,0x00000000f1e80000)
  to   space 33280K, 0% used [0x00000000ee800000,0x00000000ee800000,0x00000000f0880000)
 ParOldGen       total 198656K, used 58383K [0x00000000a0000000, 0x00000000ac200000, 0x00000000e0000000)
  object space 198656K, 29% used [0x00000000a0000000,0x00000000a3903d50,0x00000000ac200000)
 Metaspace       used 78604K, capacity 84592K, committed 84736K, reserved 1122304K
  class space    used 10564K, capacity 11709K, committed 11776K, reserved 1048576K
Event: 133.817 GC heap after
Heap after GC invocations=16 (full 3):
 PSYoungGen      total 270848K, used 30808K [0x00000000e0000000, 0x00000000f5a00000, 0x0000000100000000)
  eden space 237568K, 0% used [0x00000000e0000000,0x00000000e0000000,0x00000000ee800000)
  from space 33280K, 92% used [0x00000000ee800000,0x00000000f06161e8,0x00000000f0880000)
  to   space 37376K, 0% used [0x00000000f3580000,0x00000000f3580000,0x00000000f5a00000)
 ParOldGen       total 198656K, used 80796K [0x00000000a0000000, 0x00000000ac200000, 0x00000000e0000000)
  object space 198656K, 40% used [0x00000000a0000000,0x00000000a4ee71a0,0x00000000ac200000)
 Metaspace       used 78604K, capacity 84592K, committed 84736K, reserved 1122304K
  class space    used 10564K, capacity 11709K, committed 11776K, reserved 1048576K
}
Event: 141.883 GC heap before
{Heap before GC invocations=17 (full 3):
 PSYoungGen      total 270848K, used 268376K [0x00000000e0000000, 0x00000000f5a00000, 0x0000000100000000)
  eden space 237568K, 100% used [0x00000000e0000000,0x00000000ee800000,0x00000000ee800000)
  from space 33280K, 92% used [0x00000000ee800000,0x00000000f06161e8,0x00000000f0880000)
  to   space 37376K, 0% used [0x00000000f3580000,0x00000000f3580000,0x00000000f5a00000)
 ParOldGen       total 198656K, used 80796K [0x00000000a0000000, 0x00000000ac200000, 0x00000000e0000000)
  object space 198656K, 40% used [0x00000000a0000000,0x00000000a4ee71a0,0x00000000ac200000)
 Metaspace       used 89353K, capacity 96254K, committed 96384K, reserved 1132544K
  class space    used 11884K, capacity 13138K, committed 13184K, reserved 1048576K
Event: 141.914 GC heap after
Heap after GC invocations=17 (full 3):
 PSYoungGen      total 308736K, used 37354K [0x00000000e0000000, 0x00000000f6600000, 0x0000000100000000)
  eden space 271360K, 0% used [0x00000000e0000000,0x00000000e0000000,0x00000000f0900000)
  from space 37376K, 99% used [0x00000000f3580000,0x00000000f59faba0,0x00000000f5a00000)
  to   space 45568K, 0% used [0x00000000f0900000,0x00000000f0900000,0x00000000f3580000)
 ParOldGen       total 198656K, used 87930K [0x00000000a0000000, 0x00000000ac200000, 0x00000000e0000000)
  object space 198656K, 44% used [0x00000000a0000000,0x00000000a55deac0,0x00000000ac200000)
 Metaspace       used 89353K, capacity 96254K, committed 96384K, reserved 1132544K
  class space    used 11884K, capacity 13138K, committed 13184K, reserved 1048576K
}
Event: 145.106 GC heap before
{Heap before GC invocations=18 (full 3):
 PSYoungGen      total 308736K, used 219714K [0x00000000e0000000, 0x00000000f6600000, 0x0000000100000000)
  eden space 271360K, 67% used [0x00000000e0000000,0x00000000eb215c78,0x00000000f0900000)
  from space 37376K, 99% used [0x00000000f3580000,0x00000000f59faba0,0x00000000f5a00000)
  to   space 45568K, 0% used [0x00000000f0900000,0x00000000f0900000,0x00000000f3580000)
 ParOldGen       total 198656K, used 87930K [0x00000000a0000000, 0x00000000ac200000, 0x00000000e0000000)
  object space 198656K, 44% used [0x00000000a0000000,0x00000000a55deac0,0x00000000ac200000)
 Metaspace       used 91514K, capacity 98388K, committed 98496K, reserved 1134592K
  class space    used 12071K, capacity 13339K, committed 13440K, reserved 1048576K
Event: 145.158 GC heap after
Heap after GC invocations=18 (full 3):
 PSYoungGen      total 316928K, used 7251K [0x00000000e0000000, 0x00000000f9480000, 0x0000000100000000)
  eden space 271360K, 0% used [0x00000000e0000000,0x00000000e0000000,0x00000000f0900000)
  from space 45568K, 15% used [0x00000000f0900000,0x00000000f1014d90,0x00000000f3580000)
  to   space 45056K, 0% used [0x00000000f6880000,0x00000000f6880000,0x00000000f9480000)
 ParOldGen       total 198656K, used 164347K [0x00000000a0000000, 0x00000000ac200000, 0x00000000e0000000)
  object space 198656K, 82% used [0x00000000a0000000,0x00000000aa07ec80,0x00000000ac200000)
 Metaspace       used 91514K, capacity 98388K, committed 98496K, reserved 1134592K
  class space    used 12071K, capacity 13339K, committed 13440K, reserved 1048576K
}
Event: 145.158 GC heap before
{Heap before GC invocations=19 (full 4):
 PSYoungGen      total 316928K, used 7251K [0x00000000e0000000, 0x00000000f9480000, 0x0000000100000000)
  eden space 271360K, 0% used [0x00000000e0000000,0x00000000e0000000,0x00000000f0900000)
  from space 45568K, 15% used [0x00000000f0900000,0x00000000f1014d90,0x00000000f3580000)
  to   space 45056K, 0% used [0x00000000f6880000,0x00000000f6880000,0x00000000f9480000)
 ParOldGen       total 198656K, used 164347K [0x00000000a0000000, 0x00000000ac200000, 0x00000000e0000000)
  object space 198656K, 82% used [0x00000000a0000000,0x00000000aa07ec80,0x00000000ac200000)
 Metaspace       used 91514K, capacity 98388K, committed 98496K, reserved 1134592K
  class space    used 12071K, capacity 13339K, committed 13440K, reserved 1048576K
Event: 145.414 GC heap after
Heap after GC invocations=19 (full 4):
 PSYoungGen      total 316928K, used 0K [0x00000000e0000000, 0x00000000f9480000, 0x0000000100000000)
  eden space 271360K, 0% used [0x00000000e0000000,0x00000000e0000000,0x00000000f0900000)
  from space 45568K, 0% used [0x00000000f0900000,0x00000000f0900000,0x00000000f3580000)
  to   space 45056K, 0% used [0x00000000f6880000,0x00000000f6880000,0x00000000f9480000)
 ParOldGen       total 392192K, used 132777K [0x00000000a0000000, 0x00000000b7f00000, 0x00000000e0000000)
  object space 392192K, 33% used [0x00000000a0000000,0x00000000a81aa6f8,0x00000000b7f00000)
 Metaspace       used 91342K, capacity 97940K, committed 98496K, reserved 1134592K
  class space    used 12025K, capacity 13266K, committed 13440K, reserved 1048576K
}
Event: 150.424 GC heap before
{Heap before GC invocations=20 (full 4):
 PSYoungGen      total 316928K, used 271360K [0x00000000e0000000, 0x00000000f9480000, 0x0000000100000000)
  eden space 271360K, 100% used [0x00000000e0000000,0x00000000f0900000,0x00000000f0900000)
  from space 45568K, 0% used [0x00000000f0900000,0x00000000f0900000,0x00000000f3580000)
  to   space 45056K, 0% used [0x00000000f6880000,0x00000000f6880000,0x00000000f9480000)
 ParOldGen       total 392192K, used 132777K [0x00000000a0000000, 0x00000000b7f00000, 0x00000000e0000000)
  object space 392192K, 33% used [0x00000000a0000000,0x00000000a81aa6f8,0x00000000b7f00000)
 Metaspace       used 104610K, capacity 111710K, committed 111872K, reserved 1146880K
  class space    used 13696K, capacity 14996K, committed 15104K, reserved 1048576K
Event: 150.450 GC heap after
Heap after GC invocations=20 (full 4):
 PSYoungGen      total 369152K, used 25988K [0x00000000e0000000, 0x00000000f9900000, 0x0000000100000000)
  eden space 324096K, 0% used [0x00000000e0000000,0x00000000e0000000,0x00000000f3c80000)
  from space 45056K, 57% used [0x00000000f6880000,0x00000000f81e13f8,0x00000000f9480000)
  to   space 45056K, 0% used [0x00000000f3c80000,0x00000000f3c80000,0x00000000f6880000)
 ParOldGen       total 392192K, used 132793K [0x00000000a0000000, 0x00000000b7f00000, 0x00000000e0000000)
  object space 392192K, 33% used [0x00000000a0000000,0x00000000a81ae6f8,0x00000000b7f00000)
 Metaspace       used 104610K, capacity 111710K, committed 111872K, reserved 1146880K
  class space    used 13696K, capacity 14996K, committed 15104K, reserved 1048576K
}

