# JRE version: OpenJDK Runtime Environment (8.0_242-b01) (build 1.8.0_242-release-1644-b01)
# Java VM: OpenJDK 64-Bit Server VM (25.242-b01 mixed mode windows-amd64 compressed oops)
Heap:
 PSYoungGen      total 365568K, used 230352K [0x00000000e0000000, 0x00000000fe500000, 0x0000000100000000)
  eden space 286208K, 59% used [0x00000000e0000000,0x00000000ea61ef48,0x00000000f1780000)
  from space 79360K, 75% used [0x00000000f1780000,0x00000000f52553c8,0x00000000f6500000)
  to   space 84992K, 0% used [0x00000000f9200000,0x00000000f9200000,0x00000000fe500000)
 ParOldGen       total 422400K, used 141948K [0x00000000a0000000, 0x00000000b9c80000, 0x00000000e0000000)
  object space 422400K, 33% used [0x00000000a0000000,0x00000000a8a9f3d8,0x00000000b9c80000)
 Metaspace       used 83168K, capacity 89224K, committed 89344K, reserved 1126400K
  class space    used 11099K, capacity 12192K, committed 12288K, reserved 1048576K
GC Heap History (10 events):
Event: 1476.341 GC heap before
{Heap before GC invocations=19 (full 3):
 PSYoungGen      total 285184K, used 220673K [0x00000000e0000000, 0x00000000f6d80000, 0x0000000100000000)
  eden space 232448K, 87% used [0x00000000e0000000,0x00000000ec6d4d58,0x00000000ee300000)
  from space 52736K, 32% used [0x00000000ee300000,0x00000000ef3ab938,0x00000000f1680000)
  to   space 50688K, 0% used [0x00000000f3c00000,0x00000000f3c00000,0x00000000f6d80000)
 ParOldGen       total 239616K, used 125988K [0x00000000a0000000, 0x00000000aea00000, 0x00000000e0000000)
  object space 239616K, 52% used [0x00000000a0000000,0x00000000a7b09090,0x00000000aea00000)
 Metaspace       used 81639K, capacity 87218K, committed 87296K, reserved 1124352K
  class space    used 10993K, capacity 12007K, committed 12032K, reserved 1048576K
Event: 1476.386 GC heap after
Heap after GC invocations=19 (full 3):
 PSYoungGen      total 309760K, used 50687K [0x00000000e0000000, 0x00000000f8280000, 0x0000000100000000)
  eden space 259072K, 0% used [0x00000000e0000000,0x00000000e0000000,0x00000000efd00000)
  from space 50688K, 99% used [0x00000000f3c00000,0x00000000f6d7fcc8,0x00000000f6d80000)
  to   space 64512K, 0% used [0x00000000efd00000,0x00000000efd00000,0x00000000f3c00000)
 ParOldGen       total 239616K, used 142290K [0x00000000a0000000, 0x00000000aea00000, 0x00000000e0000000)
  object space 239616K, 59% used [0x00000000a0000000,0x00000000a8af4900,0x00000000aea00000)
 Metaspace       used 81639K, capacity 87218K, committed 87296K, reserved 1124352K
  class space    used 10993K, capacity 12007K, committed 12032K, reserved 1048576K
}
Event: 1478.081 GC heap before
{Heap before GC invocations=20 (full 3):
 PSYoungGen      total 309760K, used 309068K [0x00000000e0000000, 0x00000000f8280000, 0x0000000100000000)
  eden space 259072K, 99% used [0x00000000e0000000,0x00000000efc53440,0x00000000efd00000)
  from space 50688K, 99% used [0x00000000f3c00000,0x00000000f6d7fcc8,0x00000000f6d80000)
  to   space 64512K, 0% used [0x00000000efd00000,0x00000000efd00000,0x00000000f3c00000)
 ParOldGen       total 239616K, used 142290K [0x00000000a0000000, 0x00000000aea00000, 0x00000000e0000000)
  object space 239616K, 59% used [0x00000000a0000000,0x00000000a8af4900,0x00000000aea00000)
 Metaspace       used 81816K, capacity 87482K, committed 87552K, reserved 1124352K
  class space    used 11006K, capacity 12029K, committed 12032K, reserved 1048576K
Event: 1478.145 GC heap after
Heap after GC invocations=20 (full 3):
 PSYoungGen      total 323584K, used 56127K [0x00000000e0000000, 0x00000000fab80000, 0x0000000100000000)
  eden space 259072K, 0% used [0x00000000e0000000,0x00000000e0000000,0x00000000efd00000)
  from space 64512K, 87% used [0x00000000efd00000,0x00000000f33cfe08,0x00000000f3c00000)
  to   space 72192K, 0% used [0x00000000f6500000,0x00000000f6500000,0x00000000fab80000)
 ParOldGen       total 239616K, used 162785K [0x00000000a0000000, 0x00000000aea00000, 0x00000000e0000000)
  object space 239616K, 67% used [0x00000000a0000000,0x00000000a9ef8550,0x00000000aea00000)
 Metaspace       used 81816K, capacity 87482K, committed 87552K, reserved 1124352K
  class space    used 11006K, capacity 12029K, committed 12032K, reserved 1048576K
}
Event: 2796.250 GC heap before
{Heap before GC invocations=21 (full 3):
 PSYoungGen      total 323584K, used 307272K [0x00000000e0000000, 0x00000000fab80000, 0x0000000100000000)
  eden space 259072K, 96% used [0x00000000e0000000,0x00000000ef5422f0,0x00000000efd00000)
  from space 64512K, 87% used [0x00000000efd00000,0x00000000f33cfe08,0x00000000f3c00000)
  to   space 72192K, 0% used [0x00000000f6500000,0x00000000f6500000,0x00000000fab80000)
 ParOldGen       total 239616K, used 162785K [0x00000000a0000000, 0x00000000aea00000, 0x00000000e0000000)
  object space 239616K, 67% used [0x00000000a0000000,0x00000000a9ef8550,0x00000000aea00000)
 Metaspace       used 82489K, capacity 88314K, committed 88448K, reserved 1126400K
  class space    used 11048K, capacity 12101K, committed 12160K, reserved 1048576K
Event: 2796.292 GC heap after
Heap after GC invocations=21 (full 3):
 PSYoungGen      total 358400K, used 59501K [0x00000000e0000000, 0x00000000fb380000, 0x0000000100000000)
  eden space 286208K, 0% used [0x00000000e0000000,0x00000000e0000000,0x00000000f1780000)
  from space 72192K, 82% used [0x00000000f6500000,0x00000000f9f1b548,0x00000000fab80000)
  to   space 79360K, 0% used [0x00000000f1780000,0x00000000f1780000,0x00000000f6500000)
 ParOldGen       total 239616K, used 201179K [0x00000000a0000000, 0x00000000aea00000, 0x00000000e0000000)
  object space 239616K, 83% used [0x00000000a0000000,0x00000000ac476d08,0x00000000aea00000)
 Metaspace       used 82489K, capacity 88314K, committed 88448K, reserved 1126400K
  class space    used 11048K, capacity 12101K, committed 12160K, reserved 1048576K
}
Event: 2796.292 GC heap before
{Heap before GC invocations=22 (full 4):
 PSYoungGen      total 358400K, used 59501K [0x00000000e0000000, 0x00000000fb380000, 0x0000000100000000)
  eden space 286208K, 0% used [0x00000000e0000000,0x00000000e0000000,0x00000000f1780000)
  from space 72192K, 82% used [0x00000000f6500000,0x00000000f9f1b548,0x00000000fab80000)
  to   space 79360K, 0% used [0x00000000f1780000,0x00000000f1780000,0x00000000f6500000)
 ParOldGen       total 239616K, used 201179K [0x00000000a0000000, 0x00000000aea00000, 0x00000000e0000000)
  object space 239616K, 83% used [0x00000000a0000000,0x00000000ac476d08,0x00000000aea00000)
 Metaspace       used 82489K, capacity 88314K, committed 88448K, reserved 1126400K
  class space    used 11048K, capacity 12101K, committed 12160K, reserved 1048576K
Event: 2796.579 GC heap after
Heap after GC invocations=22 (full 4):
 PSYoungGen      total 358400K, used 0K [0x00000000e0000000, 0x00000000fb380000, 0x0000000100000000)
  eden space 286208K, 0% used [0x00000000e0000000,0x00000000e0000000,0x00000000f1780000)
  from space 72192K, 0% used [0x00000000f6500000,0x00000000f6500000,0x00000000fab80000)
  to   space 79360K, 0% used [0x00000000f1780000,0x00000000f1780000,0x00000000f6500000)
 ParOldGen       total 422400K, used 103555K [0x00000000a0000000, 0x00000000b9c80000, 0x00000000e0000000)
  object space 422400K, 24% used [0x00000000a0000000,0x00000000a6520c20,0x00000000b9c80000)
 Metaspace       used 82184K, capacity 87640K, committed 88448K, reserved 1126400K
  class space    used 10973K, capacity 11966K, committed 12160K, reserved 1048576K
}
Event: 2798.098 GC heap before
{Heap before GC invocations=23 (full 4):
 PSYoungGen      total 358400K, used 285592K [0x00000000e0000000, 0x00000000fb380000, 0x0000000100000000)
  eden space 286208K, 99% used [0x00000000e0000000,0x00000000f16e60e0,0x00000000f1780000)
  from space 72192K, 0% used [0x00000000f6500000,0x00000000f6500000,0x00000000fab80000)
  to   space 79360K, 0% used [0x00000000f1780000,0x00000000f1780000,0x00000000f6500000)
 ParOldGen       total 422400K, used 103555K [0x00000000a0000000, 0x00000000b9c80000, 0x00000000e0000000)
  object space 422400K, 24% used [0x00000000a0000000,0x00000000a6520c20,0x00000000b9c80000)
 Metaspace       used 82278K, capacity 87842K, committed 88448K, reserved 1126400K
  class space    used 10986K, capacity 11989K, committed 12160K, reserved 1048576K
Event: 2798.133 GC heap after
Heap after GC invocations=23 (full 4):
 PSYoungGen      total 365568K, used 60244K [0x00000000e0000000, 0x00000000fe500000, 0x0000000100000000)
  eden space 286208K, 0% used [0x00000000e0000000,0x00000000e0000000,0x00000000f1780000)
  from space 79360K, 75% used [0x00000000f1780000,0x00000000f52553c8,0x00000000f6500000)
  to   space 84992K, 0% used [0x00000000f9200000,0x00000000f9200000,0x00000000fe500000)
 ParOldGen       total 422400K, used 141948K [0x00000000a0000000, 0x00000000b9c80000, 0x00000000e0000000)
  object space 422400K, 33% used [0x00000000a0000000,0x00000000a8a9f3d8,0x00000000b9c80000)
 Metaspace       used 82278K, capacity 87842K, committed 88448K, reserved 1126400K
  class space    used 10986K, capacity 11989K, committed 12160K, reserved 1048576K
}

